2013-09-09 22:26:08 : test
2013-09-10 10:56:10 : ######################################
2013-09-10 10:56:10 : Begin Craigslistbot
2013-09-10 10:56:10 : Username set
2013-09-10 10:56:10 : Password set
2013-09-10 10:56:10 : Start URL Set https://accounts.craigslist.org/
2013-09-10 10:58:56 : ######################################
2013-09-10 10:58:56 : Begin Craigslistbot
2013-09-10 10:58:56 : Username set
2013-09-10 10:58:56 : Password set
2013-09-10 10:58:56 : Start URL Set https://accounts.craigslist.org/
2013-09-10 10:59:13 : ######################################
2013-09-10 10:59:13 : Begin Craigslistbot
2013-09-10 10:59:13 : Username set
2013-09-10 10:59:13 : Password set
2013-09-10 10:59:13 : Start URL Set https://accounts.craigslist.org/
2013-09-10 10:59:22 : ######################################
2013-09-10 10:59:22 : Begin Craigslistbot
2013-09-10 10:59:22 : Username set
2013-09-10 10:59:22 : Password set
2013-09-10 10:59:22 : Start URL Set https://accounts.craigslist.org/
2013-09-10 10:59:47 : ######################################
2013-09-10 10:59:47 : Begin Craigslistbot
2013-09-10 10:59:47 : Username set
2013-09-10 10:59:47 : Password set
2013-09-10 10:59:47 : Start URL Set https://accounts.craigslist.org/
2013-09-10 10:59:48 : Logged in as rnelson@mail.ccsf.edu
2013-09-10 11:06:10 : ######################################
2013-09-10 11:06:10 : Begin Craigslistbot
2013-09-10 11:06:10 : Username set
2013-09-10 11:06:10 : Password set
2013-09-10 11:06:10 : Start URL Set https://accounts.craigslist.org/
2013-09-10 11:07:07 : ######################################
2013-09-10 11:07:07 : Begin Craigslistbot
2013-09-10 11:07:07 : Username set
2013-09-10 11:07:07 : Password set
2013-09-10 11:07:07 : Start URL Set https://accounts.craigslist.org/
2013-09-10 11:07:47 : ######################################
2013-09-10 11:07:47 : Begin Craigslistbot
2013-09-10 11:07:47 : Username set
2013-09-10 11:07:47 : Password set
2013-09-10 11:07:47 : Start URL Set https://accounts.craigslist.org/
2013-09-10 11:07:48 : Logged in as rnelson@mail.ccsf.edu
2013-09-10 11:12:49 : ######################################
2013-09-10 11:12:49 : Begin Craigslistbot
2013-09-10 11:12:49 : Username set
2013-09-10 11:12:49 : Password set
2013-09-10 11:12:49 : Start URL Set https://accounts.craigslist.org/
2013-09-10 11:12:50 : Logged in as rnelson@mail.ccsf.edu
2013-09-16 03:40:22 : ######################################
2013-09-16 03:40:22 : Begin Craigslistbot
2013-09-16 03:40:22 : Username set
2013-09-16 03:40:22 : Password set
2013-09-16 03:40:22 : Start URL Set https://accounts.craigslist.org/
2013-09-16 03:41:00 : ######################################
2013-09-16 03:41:00 : Begin Craigslistbot
2013-09-16 03:41:00 : Username set
2013-09-16 03:41:00 : Password set
2013-09-16 03:41:00 : Start URL Set https://accounts.craigslist.org/
2013-09-16 03:41:00 : Logged in as rnelson@mail.ccsf.edu
2013-09-16 03:52:33 : ######################################
2013-09-16 03:52:33 : Begin Craigslistbot
2013-09-16 03:52:33 : Username set
2013-09-16 03:52:33 : Password set
2013-09-16 03:52:33 : Start URL Set https://accounts.craigslist.org/
2013-09-16 03:53:46 : ######################################
2013-09-16 03:53:46 : Begin Craigslistbot
2013-09-16 03:53:46 : Username set
2013-09-16 03:53:46 : Password set
2013-09-16 03:53:46 : Start URL Set https://accounts.craigslist.org/
2013-09-16 03:54:03 : ######################################
2013-09-16 03:54:03 : Begin Craigslistbot
2013-09-16 03:54:03 : Username set
2013-09-16 03:54:03 : Password set
2013-09-16 03:54:03 : Start URL Set https://accounts.craigslist.org/
2013-09-16 03:54:05 : Logged in as rnelson@mail.ccsf.edu
2013-09-19 17:16:32 : #####################################################
2013-09-19 17:16:32 : Begin Craigslistbot
2013-09-19 17:16:32 : Username set
2013-09-19 17:16:32 : Password set
2013-09-19 17:16:32 : Start URL Set https://accounts.craigslist.org/
2013-09-19 17:17:38 : #####################################################
2013-09-19 17:17:38 : Begin Craigslistbot
2013-09-19 17:17:38 : Username set
2013-09-19 17:17:38 : Password set
2013-09-19 17:17:38 : Start URL Set https://accounts.craigslist.org/
2013-09-19 17:22:11 : #####################################################
2013-09-19 17:22:11 : Begin Craigslistbot
2013-09-19 17:22:11 : Username set
2013-09-19 17:22:11 : Password set
2013-09-19 17:22:11 : Start URL Set https://accounts.craigslist.org/
2013-09-19 17:22:24 : Logged in as rnelson@mail.ccsf.edu
2013-09-19 19:16:02 : #####################################################
2013-09-19 19:16:02 : Begin Craigslistbot
2013-09-19 19:16:02 : Username set
2013-09-19 19:16:02 : Password set
2013-09-19 19:16:02 : Start URL Set https://accounts.craigslist.org/
2013-09-19 19:16:42 : #####################################################
2013-09-19 19:16:42 : Begin Craigslistbot
2013-09-19 19:16:42 : Username set
2013-09-19 19:16:42 : Password set
2013-09-19 19:16:42 : Start URL Set https://accounts.craigslist.org/
2013-09-19 19:17:45 : #####################################################
2013-09-19 19:17:45 : Begin Craigslistbot
2013-09-19 19:17:45 : Username set
2013-09-19 19:17:45 : Password set
2013-09-19 19:17:45 : Start URL Set https://accounts.craigslist.org/
2013-09-19 19:17:57 : Logged in as rnelson@mail.ccsf.edu
2013-10-04 18:25:47 : #####################################################
2013-10-04 18:25:47 : Begin Craigslistbot
2013-10-04 18:25:47 : Username set
2013-10-04 18:25:47 : Password set
2013-10-04 18:25:47 : Start URL Set https://accounts.craigslist.org/
2013-10-04 18:26:02 : Logged in as rnelson@mail.ccsf.edu
2013-10-04 18:26:47 : #####################################################
2013-10-04 18:26:47 : Begin Craigslistbot
2013-10-04 18:26:47 : Username set
2013-10-04 18:26:47 : Password set
2013-10-04 18:26:47 : Start URL Set https://accounts.craigslist.org/
2013-10-04 18:26:59 : Logged in as rnelson@mail.ccsf.edu
2013-10-04 18:27:47 : #####################################################
2013-10-04 18:27:47 : Begin Craigslistbot
2013-10-04 18:27:47 : Username set
2013-10-04 18:27:47 : Password set
2013-10-04 18:27:47 : Start URL Set https://accounts.craigslist.org/
2013-10-04 18:28:03 : Logged in as rnelson@mail.ccsf.edu
2013-10-04 18:28:57 : #####################################################
2013-10-04 18:28:57 : Begin Craigslistbot
2013-10-04 18:28:57 : Username set
2013-10-04 18:28:57 : Password set
2013-10-04 18:28:57 : Start URL Set https://accounts.craigslist.org/
2013-10-04 18:29:16 : Logged in as rnelson@mail.ccsf.edu
2013-10-04 18:30:05 : #####################################################
2013-10-04 18:30:05 : Begin Craigslistbot
2013-10-04 18:30:05 : Username set
2013-10-04 18:30:05 : Password set
2013-10-04 18:30:05 : Start URL Set https://accounts.craigslist.org/
2013-10-04 18:30:27 : Failed to Login as rnelson@mail.ccsf.edu
2013-10-04 18:31:32 : #####################################################
2013-10-04 18:31:32 : Begin Craigslistbot
2013-10-04 18:31:32 : Username set
2013-10-04 18:31:32 : Password set
2013-10-04 18:31:32 : Start URL Set https://accounts.craigslist.org/
2013-10-04 18:31:54 : Failed to Login as rnelson@mail.ccsf.edu
2013-10-04 18:32:32 : #####################################################
2013-10-04 18:32:32 : Begin Craigslistbot
2013-10-04 18:32:32 : Username set
2013-10-04 18:32:32 : Password set
2013-10-04 18:32:32 : Start URL Set https://accounts.craigslist.org/
2013-10-04 18:32:46 : Failed to Login as rnelson@mail.ccsf.edu
2013-10-04 18:34:25 : #####################################################
2013-10-04 18:34:25 : Begin Craigslistbot
2013-10-04 18:34:25 : Username set
2013-10-04 18:34:25 : Password set
2013-10-04 18:34:25 : Start URL Set https://accounts.craigslist.org/
2013-10-04 18:34:41 : Failed to Login as rnelson@mail.ccsf.edu
